c:\users\hottodoug\source\repos\consoleapplication1\consoleapplication1\x64\debug\vc142.pdb
c:\users\hottodoug\source\repos\consoleapplication1\consoleapplication1\x64\debug\vc142.idb
c:\users\hottodoug\source\repos\consoleapplication1\consoleapplication1\x64\debug\source.obj
c:\users\hottodoug\source\repos\consoleapplication1\consoleapplication1\x64\debug\consoleapplication1.obj
c:\users\hottodoug\source\repos\consoleapplication1\x64\debug\consoleapplication1.pdb
c:\users\hottodoug\source\repos\consoleapplication1\consoleapplication1\x64\debug\consolea.71cce3d4.tlog\cl.command.1.tlog
c:\users\hottodoug\source\repos\consoleapplication1\consoleapplication1\x64\debug\consolea.71cce3d4.tlog\cl.read.1.tlog
c:\users\hottodoug\source\repos\consoleapplication1\consoleapplication1\x64\debug\consolea.71cce3d4.tlog\cl.write.1.tlog
c:\users\hottodoug\source\repos\consoleapplication1\consoleapplication1\x64\debug\consolea.71cce3d4.tlog\link-cvtres.read.1.tlog
c:\users\hottodoug\source\repos\consoleapplication1\consoleapplication1\x64\debug\consolea.71cce3d4.tlog\link-cvtres.write.1.tlog
c:\users\hottodoug\source\repos\consoleapplication1\consoleapplication1\x64\debug\consolea.71cce3d4.tlog\link-rc.read.1.tlog
c:\users\hottodoug\source\repos\consoleapplication1\consoleapplication1\x64\debug\consolea.71cce3d4.tlog\link-rc.write.1.tlog
c:\users\hottodoug\source\repos\consoleapplication1\consoleapplication1\x64\debug\consolea.71cce3d4.tlog\link.11236-cvtres.read.1.tlog
c:\users\hottodoug\source\repos\consoleapplication1\consoleapplication1\x64\debug\consolea.71cce3d4.tlog\link.11236-cvtres.write.1.tlog
c:\users\hottodoug\source\repos\consoleapplication1\consoleapplication1\x64\debug\consolea.71cce3d4.tlog\link.11236-rc.read.1.tlog
c:\users\hottodoug\source\repos\consoleapplication1\consoleapplication1\x64\debug\consolea.71cce3d4.tlog\link.11236-rc.write.1.tlog
c:\users\hottodoug\source\repos\consoleapplication1\consoleapplication1\x64\debug\consolea.71cce3d4.tlog\link.11236.read.1.tlog
c:\users\hottodoug\source\repos\consoleapplication1\consoleapplication1\x64\debug\consolea.71cce3d4.tlog\link.11236.write.1.tlog
c:\users\hottodoug\source\repos\consoleapplication1\consoleapplication1\x64\debug\consolea.71cce3d4.tlog\link.command.1.tlog
c:\users\hottodoug\source\repos\consoleapplication1\consoleapplication1\x64\debug\consolea.71cce3d4.tlog\link.read.1.tlog
c:\users\hottodoug\source\repos\consoleapplication1\consoleapplication1\x64\debug\consolea.71cce3d4.tlog\link.write.1.tlog
